nohup: ignoring input

============================================================
INITIALISATION
============================================================

Configuration matérielle...
  GPU: NVIDIA RTX PRO 6000 Blackwell Server Edition (102.0 GB)

Configuration réseau (medium)...

Initialisation du trainer...
  Architecture: SERVER (InferenceServer centralisé)
  Paramètres: 458,667
  Workers: 12

Démarrage de l'entraînement...

============================================================
ENTRAÎNEMENT ALPHAZERO - QUARTO
============================================================
Démarrage: Monday 12 January 2026 02:34:40
Device: cuda
Itérations: 100
Parties/itération: 200
Workers: 12
Simulations MCTS: 100
Buffer size: 50,000
Epochs/itération: 4
LR scheduler: Cosine Warm Restarts (T_0=25, 4 cycles)
  LR: 0.000300 → 0.000030
Early stopping: patience=2 cycles (50 iters)
============================================================


--- Itération 1 ---
  Début: Monday 12 January 2026 02:34:40
  Self-play: 200 parties (12 workers)...
    200 parties en 256.8s (0.78 p/s)
    Résultats: P0=104, P1=86, Nuls=10
  Training: 4 epochs...
  Loss: 5.6605 (LR: 0.000299)
  ★ Nouveau meilleur modèle! (loss: 5.6605)
  Fin: Monday 12 January 2026 02:38:57
  Durée itération: 4m 17s
  Temps cumulé: 4m 17s

--- Itération 2 ---
  Début: Monday 12 January 2026 02:38:57
  Self-play: 200 parties (12 workers)...
    200 parties en 272.8s (0.73 p/s)
    Résultats: P0=105, P1=88, Nuls=7
  Training: 4 epochs...
  Loss: 5.3003 (LR: 0.000296)
  ★ Nouveau meilleur modèle! (loss: 5.3003)
  Fin: Monday 12 January 2026 02:43:31
  Durée itération: 4m 33s
  Temps cumulé: 8m 51s

--- Itération 3 ---
  Début: Monday 12 January 2026 02:43:31
  Self-play: 200 parties (12 workers)...
    200 parties en 283.4s (0.71 p/s)
    Résultats: P0=105, P1=77, Nuls=18
  Training: 4 epochs...
  Loss: 5.0830 (LR: 0.000291)
  ★ Nouveau meilleur modèle! (loss: 5.0830)
  Fin: Monday 12 January 2026 02:48:16
  Durée itération: 4m 44s
  Temps cumulé: 13m 36s

--- Itération 4 ---
  Début: Monday 12 January 2026 02:48:16
  Self-play: 200 parties (12 workers)...
    200 parties en 272.3s (0.73 p/s)
    Résultats: P0=94, P1=89, Nuls=17
  Training: 4 epochs...
  Loss: 4.8940 (LR: 0.000283)
  ★ Nouveau meilleur modèle! (loss: 4.8940)
  Fin: Monday 12 January 2026 02:52:50
  Durée itération: 4m 34s
  Temps cumulé: 18m 10s

--- Itération 5 ---
  Début: Monday 12 January 2026 02:52:50
  Self-play: 200 parties (12 workers)...
    200 parties en 277.8s (0.72 p/s)
    Résultats: P0=88, P1=94, Nuls=18
  Training: 4 epochs...
  Loss: 4.7200 (LR: 0.000274)
  ★ Nouveau meilleur modèle! (loss: 4.7200)
  Fin: Monday 12 January 2026 02:57:30
  Durée itération: 4m 40s
  Temps cumulé: 22m 50s

--- Itération 6 ---
  Début: Monday 12 January 2026 02:57:31
  Self-play: 200 parties (12 workers)...
    200 parties en 270.4s (0.74 p/s)
    Résultats: P0=98, P1=91, Nuls=11
  Training: 4 epochs...
  Loss: 4.6230 (LR: 0.000263)
  ★ Nouveau meilleur modèle! (loss: 4.6230)
  Fin: Monday 12 January 2026 03:02:04
  Durée itération: 4m 33s
  Temps cumulé: 27m 23s

--- Itération 7 ---
  Début: Monday 12 January 2026 03:02:04
  Self-play: 200 parties (12 workers)...
    200 parties en 262.8s (0.76 p/s)
    Résultats: P0=103, P1=88, Nuls=9
  Training: 4 epochs...
  Loss: 4.5132 (LR: 0.000251)
  ★ Nouveau meilleur modèle! (loss: 4.5132)
  Fin: Monday 12 January 2026 03:06:30
  Durée itération: 4m 26s
  Temps cumulé: 31m 50s

--- Itération 8 ---
  Début: Monday 12 January 2026 03:06:30
  Self-play: 200 parties (12 workers)...
    200 parties en 264.0s (0.76 p/s)
    Résultats: P0=98, P1=82, Nuls=20
  Training: 4 epochs...
  Loss: 4.4405 (LR: 0.000237)
  ★ Nouveau meilleur modèle! (loss: 4.4405)
  Fin: Monday 12 January 2026 03:10:58
  Durée itération: 4m 28s
  Temps cumulé: 36m 18s

--- Itération 9 ---
  Début: Monday 12 January 2026 03:10:58
  Self-play: 200 parties (12 workers)...
    200 parties en 262.9s (0.76 p/s)
    Résultats: P0=99, P1=84, Nuls=17
  Training: 4 epochs...
  Loss: 4.3835 (LR: 0.000222)
  ★ Nouveau meilleur modèle! (loss: 4.3835)
  Fin: Monday 12 January 2026 03:15:26
  Durée itération: 4m 27s
  Temps cumulé: 40m 45s

--- Itération 10 ---
  Début: Monday 12 January 2026 03:15:26
  Self-play: 200 parties (12 workers)...
    200 parties en 264.9s (0.76 p/s)
    Résultats: P0=94, P1=93, Nuls=13
  Training: 4 epochs...
  Loss: 4.3343 (LR: 0.000207)
  ★ Nouveau meilleur modèle! (loss: 4.3343)
  Fin: Monday 12 January 2026 03:19:56
  Durée itération: 4m 30s
  Temps cumulé: 45m 15s

--- Itération 11 ---
  Début: Monday 12 January 2026 03:19:56
  Self-play: 200 parties (12 workers)...
    200 parties en 257.6s (0.78 p/s)
    Résultats: P0=100, P1=92, Nuls=8
  Training: 4 epochs...
  Loss: 4.2825 (LR: 0.000190)
  ★ Nouveau meilleur modèle! (loss: 4.2825)
  Fin: Monday 12 January 2026 03:24:19
  Durée itération: 4m 22s
  Temps cumulé: 49m 38s

--- Itération 12 ---
  Début: Monday 12 January 2026 03:24:19
  Self-play: 200 parties (12 workers)...
    200 parties en 261.5s (0.76 p/s)
    Résultats: P0=104, P1=81, Nuls=15
  Training: 4 epochs...
  Loss: 4.2371 (LR: 0.000173)
  ★ Nouveau meilleur modèle! (loss: 4.2371)
  Fin: Monday 12 January 2026 03:28:46
  Durée itération: 4m 27s
  Temps cumulé: 54m 06s

--- Itération 13 ---
  Début: Monday 12 January 2026 03:28:46
  Self-play: 200 parties (12 workers)...
    200 parties en 270.0s (0.74 p/s)
    Résultats: P0=94, P1=94, Nuls=12
  Training: 4 epochs...
  Loss: 4.2016 (LR: 0.000157)
  ★ Nouveau meilleur modèle! (loss: 4.2016)
  Fin: Monday 12 January 2026 03:33:23
  Durée itération: 4m 36s
  Temps cumulé: 58m 43s

--- Itération 14 ---
  Début: Monday 12 January 2026 03:33:23
  Self-play: 200 parties (12 workers)...
    200 parties en 257.8s (0.78 p/s)
    Résultats: P0=103, P1=84, Nuls=13
  Training: 4 epochs...
  Loss: 4.1579 (LR: 0.000140)
  ★ Nouveau meilleur modèle! (loss: 4.1579)
  Fin: Monday 12 January 2026 03:37:48
  Durée itération: 4m 25s
  Temps cumulé: 1h 03m 08s

--- Itération 15 ---
  Début: Monday 12 January 2026 03:37:48
  Self-play: 200 parties (12 workers)...
    200 parties en 266.2s (0.75 p/s)
    Résultats: P0=107, P1=83, Nuls=10
  Training: 4 epochs...
  Loss: 4.1146 (LR: 0.000123)
  ★ Nouveau meilleur modèle! (loss: 4.1146)
  Fin: Monday 12 January 2026 03:42:23
  Durée itération: 4m 34s
  Temps cumulé: 1h 07m 42s

--- Itération 16 ---
  Début: Monday 12 January 2026 03:42:23
  Self-play: 200 parties (12 workers)...
    200 parties en 266.2s (0.75 p/s)
    Résultats: P0=95, P1=89, Nuls=16
  Training: 4 epochs...
  Loss: 4.0950 (LR: 0.000108)
  ★ Nouveau meilleur modèle! (loss: 4.0950)
  Fin: Monday 12 January 2026 03:46:58
  Durée itération: 4m 34s
  Temps cumulé: 1h 12m 17s

--- Itération 17 ---
  Début: Monday 12 January 2026 03:46:58
  Self-play: 200 parties (12 workers)...
    200 parties en 260.0s (0.77 p/s)
    Résultats: P0=105, P1=82, Nuls=13
  Training: 4 epochs...
  Loss: 4.0653 (LR: 0.000093)
  ★ Nouveau meilleur modèle! (loss: 4.0653)
  Fin: Monday 12 January 2026 03:51:27
  Durée itération: 4m 28s
  Temps cumulé: 1h 16m 46s

--- Itération 18 ---
  Début: Monday 12 January 2026 03:51:27
  Self-play: 200 parties (12 workers)...
    200 parties en 264.5s (0.76 p/s)
    Résultats: P0=98, P1=84, Nuls=18
  Training: 4 epochs...
  Loss: 4.0277 (LR: 0.000079)
  ★ Nouveau meilleur modèle! (loss: 4.0277)
  Fin: Monday 12 January 2026 03:56:01
  Durée itération: 4m 33s
  Temps cumulé: 1h 21m 20s

--- Itération 19 ---
  Début: Monday 12 January 2026 03:56:01
  Self-play: 200 parties (12 workers)...
    200 parties en 261.9s (0.76 p/s)
    Résultats: P0=96, P1=92, Nuls=12
  Training: 4 epochs...
  Loss: 4.0149 (LR: 0.000067)
  ★ Nouveau meilleur modèle! (loss: 4.0149)
  Fin: Monday 12 January 2026 04:00:33
  Durée itération: 4m 31s
  Temps cumulé: 1h 25m 52s

--- Itération 20 ---
  Début: Monday 12 January 2026 04:00:33
  Self-play: 200 parties (12 workers)...
    200 parties en 270.0s (0.74 p/s)
    Résultats: P0=93, P1=84, Nuls=23
  Training: 4 epochs...
  Loss: 3.9976 (LR: 0.000056)
  ★ Nouveau meilleur modèle! (loss: 3.9976)
  Fin: Monday 12 January 2026 04:05:12
  Durée itération: 4m 39s
  Temps cumulé: 1h 30m 32s

--- Itération 21 ---
  Début: Monday 12 January 2026 04:05:12
  Self-play: 200 parties (12 workers)...
    200 parties en 261.1s (0.77 p/s)
    Résultats: P0=95, P1=96, Nuls=9
  Training: 4 epochs...
  Loss: 3.9779 (LR: 0.000047)
  ★ Nouveau meilleur modèle! (loss: 3.9779)
  Fin: Monday 12 January 2026 04:09:44
  Durée itération: 4m 31s
  Temps cumulé: 1h 35m 04s

--- Itération 22 ---
  Début: Monday 12 January 2026 04:09:44
  Self-play: 200 parties (12 workers)...
    200 parties en 261.1s (0.77 p/s)
    Résultats: P0=102, P1=90, Nuls=8
  Training: 4 epochs...
  Loss: 3.9802 (LR: 0.000039)
  Fin: Monday 12 January 2026 04:14:17
  Durée itération: 4m 32s
  Temps cumulé: 1h 39m 37s

--- Itération 23 ---
  Début: Monday 12 January 2026 04:14:17
  Self-play: 200 parties (12 workers)...
    200 parties en 259.7s (0.77 p/s)
    Résultats: P0=91, P1=94, Nuls=15
  Training: 4 epochs...
  Loss: 3.9895 (LR: 0.000034)
  Fin: Monday 12 January 2026 04:18:48
  Durée itération: 4m 30s
  Temps cumulé: 1h 44m 07s

--- Itération 24 ---
  Début: Monday 12 January 2026 04:18:48
  Self-play: 200 parties (12 workers)...
    200 parties en 267.3s (0.75 p/s)
    Résultats: P0=91, P1=101, Nuls=8
  Training: 4 epochs...
  Loss: 4.0183 (LR: 0.000031)
  Fin: Monday 12 January 2026 04:23:27
  Durée itération: 4m 39s
  Temps cumulé: 1h 48m 47s

--- Itération 25 ---
  Début: Monday 12 January 2026 04:23:27
  Self-play: 200 parties (12 workers)...
    200 parties en 259.5s (0.77 p/s)
    Résultats: P0=96, P1=91, Nuls=13
  Training: 4 epochs...
  Loss: 4.0419 (LR: 0.000300)
  Fin: Monday 12 January 2026 04:28:00
  Durée itération: 4m 32s
  Temps cumulé: 1h 53m 19s

--- Itération 26 ---
  Début: Monday 12 January 2026 04:28:00
  Self-play: 200 parties (12 workers)...
    200 parties en 258.3s (0.77 p/s)
    Résultats: P0=97, P1=95, Nuls=8
  Training: 4 epochs...
  Loss: 5.0520 (LR: 0.000299)
  Fin: Monday 12 January 2026 04:32:31
  Durée itération: 4m 31s
  Temps cumulé: 1h 57m 50s

--- Itération 27 ---
  Début: Monday 12 January 2026 04:32:31
  Self-play: 200 parties (12 workers)...
    200 parties en 264.9s (0.75 p/s)
    Résultats: P0=103, P1=81, Nuls=16
  Training: 4 epochs...
  Loss: 4.9627 (LR: 0.000296)
  Fin: Monday 12 January 2026 04:37:08
  Durée itération: 4m 36s
  Temps cumulé: 2h 02m 27s

--- Itération 28 ---
  Début: Monday 12 January 2026 04:37:08
  Self-play: 200 parties (12 workers)...
    200 parties en 268.8s (0.74 p/s)
    Résultats: P0=93, P1=94, Nuls=13
  Training: 4 epochs...
  Loss: 4.8371 (LR: 0.000291)
  Fin: Monday 12 January 2026 04:41:49
  Durée itération: 4m 41s
  Temps cumulé: 2h 07m 08s

--- Itération 29 ---
  Début: Monday 12 January 2026 04:41:49
  Self-play: 200 parties (12 workers)...
    200 parties en 257.5s (0.78 p/s)
    Résultats: P0=101, P1=84, Nuls=15
  Training: 4 epochs...
  Loss: 4.7252 (LR: 0.000283)
  Fin: Monday 12 January 2026 04:46:19
  Durée itération: 4m 30s
  Temps cumulé: 2h 11m 38s

--- Itération 30 ---
  Début: Monday 12 January 2026 04:46:19
  Self-play: 200 parties (12 workers)...
    200 parties en 270.5s (0.74 p/s)
    Résultats: P0=95, P1=93, Nuls=12
  Training: 4 epochs...
  Loss: 4.6369 (LR: 0.000274)
  Fin: Monday 12 January 2026 04:51:02
  Durée itération: 4m 43s
  Temps cumulé: 2h 16m 21s

--- Itération 31 ---
  Début: Monday 12 January 2026 04:51:02
  Self-play: 200 parties (12 workers)...
    200 parties en 257.9s (0.78 p/s)
    Résultats: P0=91, P1=93, Nuls=16
  Training: 4 epochs...
  Loss: 4.5667 (LR: 0.000263)
  Fin: Monday 12 January 2026 04:55:31
  Durée itération: 4m 29s
  Temps cumulé: 2h 20m 51s

--- Itération 32 ---
  Début: Monday 12 January 2026 04:55:31
  Self-play: 200 parties (12 workers)...
    200 parties en 267.8s (0.75 p/s)
    Résultats: P0=103, P1=88, Nuls=9
  Training: 4 epochs...
  Loss: 4.4920 (LR: 0.000251)
  Fin: Monday 12 January 2026 05:00:11
  Durée itération: 4m 39s
  Temps cumulé: 2h 25m 30s

--- Itération 33 ---
  Début: Monday 12 January 2026 05:00:11
  Self-play: 200 parties (12 workers)...
    200 parties en 264.6s (0.76 p/s)
    Résultats: P0=88, P1=98, Nuls=14
  Training: 4 epochs...
  Loss: 4.4387 (LR: 0.000237)
  Fin: Monday 12 January 2026 05:04:48
  Durée itération: 4m 37s
  Temps cumulé: 2h 30m 07s

--- Itération 34 ---
  Début: Monday 12 January 2026 05:04:48
  Self-play: 200 parties (12 workers)...
    200 parties en 264.4s (0.76 p/s)
    Résultats: P0=86, P1=103, Nuls=11
  Training: 4 epochs...
  Loss: 4.3708 (LR: 0.000222)
  Fin: Monday 12 January 2026 05:09:24
  Durée itération: 4m 35s
  Temps cumulé: 2h 34m 43s

--- Itération 35 ---
  Début: Monday 12 January 2026 05:09:24
  Self-play: 200 parties (12 workers)...
    200 parties en 268.4s (0.75 p/s)
    Résultats: P0=92, P1=94, Nuls=14
  Training: 4 epochs...
  Loss: 4.3046 (LR: 0.000207)
  Fin: Monday 12 January 2026 05:14:04
  Durée itération: 4m 40s
  Temps cumulé: 2h 39m 24s

--- Itération 36 ---
  Début: Monday 12 January 2026 05:14:04
  Self-play: 200 parties (12 workers)...
    200 parties en 267.9s (0.75 p/s)
    Résultats: P0=108, P1=76, Nuls=16
  Training: 4 epochs...
  Loss: 4.2580 (LR: 0.000190)
  Fin: Monday 12 January 2026 05:18:45
  Durée itération: 4m 40s
  Temps cumulé: 2h 44m 04s

--- Itération 37 ---
  Début: Monday 12 January 2026 05:18:45
  Self-play: 200 parties (12 workers)...
    200 parties en 264.7s (0.76 p/s)
    Résultats: P0=92, P1=95, Nuls=13
  Training: 4 epochs...
  Loss: 4.1926 (LR: 0.000173)
  Fin: Monday 12 January 2026 05:23:22
  Durée itération: 4m 37s
  Temps cumulé: 2h 48m 42s

--- Itération 38 ---
  Début: Monday 12 January 2026 05:23:23
  Self-play: 200 parties (12 workers)...
    200 parties en 263.6s (0.76 p/s)
    Résultats: P0=76, P1=113, Nuls=11
  Training: 4 epochs...
  Loss: 4.1508 (LR: 0.000157)
  Fin: Monday 12 January 2026 05:27:59
  Durée itération: 4m 36s
  Temps cumulé: 2h 53m 18s

--- Itération 39 ---
  Début: Monday 12 January 2026 05:27:59
  Self-play: 200 parties (12 workers)...
    200 parties en 275.1s (0.73 p/s)
    Résultats: P0=87, P1=91, Nuls=22
  Training: 4 epochs...
  Loss: 4.0962 (LR: 0.000140)
  Fin: Monday 12 January 2026 05:32:46
  Durée itération: 4m 46s
  Temps cumulé: 2h 58m 05s

--- Itération 40 ---
  Début: Monday 12 January 2026 05:32:46
  Self-play: 200 parties (12 workers)...
    200 parties en 265.4s (0.75 p/s)
    Résultats: P0=90, P1=91, Nuls=19
  Training: 4 epochs...
  Loss: 4.0470 (LR: 0.000123)
  Fin: Monday 12 January 2026 05:37:23
  Durée itération: 4m 37s
  Temps cumulé: 3h 02m 43s

--- Itération 41 ---
  Début: Monday 12 January 2026 05:37:23
  Self-play: 200 parties (12 workers)...
    200 parties en 262.7s (0.76 p/s)
    Résultats: P0=96, P1=93, Nuls=11
  Training: 4 epochs...
  Loss: 3.9917 (LR: 0.000108)
  Fin: Monday 12 January 2026 05:41:59
  Durée itération: 4m 35s
  Temps cumulé: 3h 07m 18s

--- Itération 42 ---
  Début: Monday 12 January 2026 05:41:59
  Self-play: 200 parties (12 workers)...
    200 parties en 255.4s (0.78 p/s)
    Résultats: P0=101, P1=89, Nuls=10
  Training: 4 epochs...
  Loss: 3.9621 (LR: 0.000093)
  ★ Nouveau meilleur modèle! (loss: 3.9621)
  Fin: Monday 12 January 2026 05:46:26
  Durée itération: 4m 26s
  Temps cumulé: 3h 11m 45s

--- Itération 43 ---
  Début: Monday 12 January 2026 05:46:26
  Self-play: 200 parties (12 workers)...
    200 parties en 267.8s (0.75 p/s)
    Résultats: P0=91, P1=99, Nuls=10
  Training: 4 epochs...
  Loss: 3.9197 (LR: 0.000079)
  ★ Nouveau meilleur modèle! (loss: 3.9197)
  Fin: Monday 12 January 2026 05:51:05
  Durée itération: 4m 39s
  Temps cumulé: 3h 16m 24s

--- Itération 44 ---
  Début: Monday 12 January 2026 05:51:05
  Self-play: 200 parties (12 workers)...
    200 parties en 268.0s (0.75 p/s)
    Résultats: P0=115, P1=74, Nuls=11
  Training: 4 epochs...
  Loss: 3.8875 (LR: 0.000067)
  ★ Nouveau meilleur modèle! (loss: 3.8875)
  Fin: Monday 12 January 2026 05:55:47
  Durée itération: 4m 41s
  Temps cumulé: 3h 21m 06s

--- Itération 45 ---
  Début: Monday 12 January 2026 05:55:47
  Self-play: 200 parties (12 workers)...
    200 parties en 297.8s (0.67 p/s)
    Résultats: P0=86, P1=96, Nuls=18
  Training: 4 epochs...
  Loss: 3.8557 (LR: 0.000056)
  ★ Nouveau meilleur modèle! (loss: 3.8557)
  Fin: Monday 12 January 2026 06:00:56
  Durée itération: 5m 09s
  Temps cumulé: 3h 26m 15s

--- Itération 46 ---
  Début: Monday 12 January 2026 06:00:56
  Self-play: 200 parties (12 workers)...
    200 parties en 255.9s (0.78 p/s)
    Résultats: P0=91, P1=96, Nuls=13
  Training: 4 epochs...
  Loss: 3.8488 (LR: 0.000047)
  ★ Nouveau meilleur modèle! (loss: 3.8488)
  Fin: Monday 12 January 2026 06:05:25
  Durée itération: 4m 28s
  Temps cumulé: 3h 30m 44s

--- Itération 47 ---
  Début: Monday 12 January 2026 06:05:25
  Self-play: 200 parties (12 workers)...
    200 parties en 269.5s (0.74 p/s)
    Résultats: P0=101, P1=88, Nuls=11
  Training: 4 epochs...
  Loss: 3.8380 (LR: 0.000039)
  ★ Nouveau meilleur modèle! (loss: 3.8380)
  Fin: Monday 12 January 2026 06:10:07
  Durée itération: 4m 42s
  Temps cumulé: 3h 35m 26s

--- Itération 48 ---
  Début: Monday 12 January 2026 06:10:07
  Self-play: 200 parties (12 workers)...
    200 parties en 261.7s (0.76 p/s)
    Résultats: P0=88, P1=100, Nuls=12
  Training: 4 epochs...
  Loss: 3.8421 (LR: 0.000034)
  Fin: Monday 12 January 2026 06:14:42
  Durée itération: 4m 34s
  Temps cumulé: 3h 40m 01s

--- Itération 49 ---
  Début: Monday 12 January 2026 06:14:42
  Self-play: 200 parties (12 workers)...
    200 parties en 263.8s (0.76 p/s)
    Résultats: P0=107, P1=77, Nuls=16
  Training: 4 epochs...
  Loss: 3.8507 (LR: 0.000031)
  Fin: Monday 12 January 2026 06:19:19
  Durée itération: 4m 36s
  Temps cumulé: 3h 44m 38s

--- Itération 50 ---
  Début: Monday 12 January 2026 06:19:19
  Self-play: 200 parties (12 workers)...
    200 parties en 266.2s (0.75 p/s)
    Résultats: P0=99, P1=87, Nuls=14
  Training: 4 epochs...
  Loss: 3.8551 (LR: 0.000300)
  Fin: Monday 12 January 2026 06:23:57
  Durée itération: 4m 38s
  Temps cumulé: 3h 49m 16s

--- Itération 51 ---
  Début: Monday 12 January 2026 06:23:57
  Self-play: 200 parties (12 workers)...
    200 parties en 260.7s (0.77 p/s)
    Résultats: P0=98, P1=87, Nuls=15
  Training: 4 epochs...
  Loss: 4.8464 (LR: 0.000299)
  Fin: Monday 12 January 2026 06:28:30
  Durée itération: 4m 32s
  Temps cumulé: 3h 53m 49s

--- Itération 52 ---
  Début: Monday 12 January 2026 06:28:30
  Self-play: 200 parties (12 workers)...
    200 parties en 261.0s (0.77 p/s)
    Résultats: P0=91, P1=96, Nuls=13
  Training: 4 epochs...
  Loss: 4.7626 (LR: 0.000296)
  Fin: Monday 12 January 2026 06:33:04
  Durée itération: 4m 33s
  Temps cumulé: 3h 58m 23s

--- Itération 53 ---
  Début: Monday 12 January 2026 06:33:04
  Self-play: 200 parties (12 workers)...
    200 parties en 274.4s (0.73 p/s)
    Résultats: P0=94, P1=87, Nuls=19
  Training: 4 epochs...
  Loss: 4.6453 (LR: 0.000291)
  Fin: Monday 12 January 2026 06:37:51
  Durée itération: 4m 46s
  Temps cumulé: 4h 03m 10s

--- Itération 54 ---
  Début: Monday 12 January 2026 06:37:51
  Self-play: 200 parties (12 workers)...
    200 parties en 297.9s (0.67 p/s)
    Résultats: P0=101, P1=89, Nuls=10
  Training: 4 epochs...
  Loss: 4.5621 (LR: 0.000283)
  Fin: Monday 12 January 2026 06:43:01
  Durée itération: 5m 09s
  Temps cumulé: 4h 08m 19s

--- Itération 55 ---
  Début: Monday 12 January 2026 06:43:01
  Self-play: 200 parties (12 workers)...
    200 parties en 274.1s (0.73 p/s)
    Résultats: P0=88, P1=95, Nuls=17
  Training: 4 epochs...
  Loss: 4.4786 (LR: 0.000274)
  Fin: Monday 12 January 2026 06:47:47
  Durée itération: 4m 46s
  Temps cumulé: 4h 13m 06s

--- Itération 56 ---
  Début: Monday 12 January 2026 06:47:47
  Self-play: 200 parties (12 workers)...
    200 parties en 272.3s (0.73 p/s)
    Résultats: P0=93, P1=96, Nuls=11
  Training: 4 epochs...
  Loss: 4.4234 (LR: 0.000263)
  Fin: Monday 12 January 2026 06:52:32
  Durée itération: 4m 45s
  Temps cumulé: 4h 17m 51s

--- Itération 57 ---
  Début: Monday 12 January 2026 06:52:32
  Self-play: 200 parties (12 workers)...
    200 parties en 265.4s (0.75 p/s)
    Résultats: P0=100, P1=85, Nuls=15
  Training: 4 epochs...
  Loss: 4.3547 (LR: 0.000251)
  Fin: Monday 12 January 2026 06:57:11
  Durée itération: 4m 38s
  Temps cumulé: 4h 22m 30s

--- Itération 58 ---
  Début: Monday 12 January 2026 06:57:11
  Self-play: 200 parties (12 workers)...
    200 parties en 270.8s (0.74 p/s)
    Résultats: P0=102, P1=86, Nuls=12
  Training: 4 epochs...
  Loss: 4.3006 (LR: 0.000237)
  Fin: Monday 12 January 2026 07:01:54
  Durée itération: 4m 43s
  Temps cumulé: 4h 27m 13s

--- Itération 59 ---
  Début: Monday 12 January 2026 07:01:54
  Self-play: 200 parties (12 workers)...
    200 parties en 269.2s (0.74 p/s)
    Résultats: P0=94, P1=89, Nuls=17
  Training: 4 epochs...
  Loss: 4.2458 (LR: 0.000222)
  Fin: Monday 12 January 2026 07:06:36
  Durée itération: 4m 41s
  Temps cumulé: 4h 31m 55s

--- Itération 60 ---
  Début: Monday 12 January 2026 07:06:36
  Self-play: 200 parties (12 workers)...
    200 parties en 275.8s (0.73 p/s)
    Résultats: P0=93, P1=94, Nuls=13
  Training: 4 epochs...
  Loss: 4.1922 (LR: 0.000207)
  Fin: Monday 12 January 2026 07:11:24
  Durée itération: 4m 48s
  Temps cumulé: 4h 36m 43s

--- Itération 61 ---
  Début: Monday 12 January 2026 07:11:24
  Self-play: 200 parties (12 workers)...
    200 parties en 281.0s (0.71 p/s)
    Résultats: P0=88, P1=94, Nuls=18
  Training: 4 epochs...
  Loss: 4.1445 (LR: 0.000190)
  Fin: Monday 12 January 2026 07:16:19
  Durée itération: 4m 54s
  Temps cumulé: 4h 41m 38s

--- Itération 62 ---
  Début: Monday 12 January 2026 07:16:19
  Self-play: 200 parties (12 workers)...
    200 parties en 279.4s (0.72 p/s)
    Résultats: P0=90, P1=91, Nuls=19
  Training: 4 epochs...
  Loss: 4.0955 (LR: 0.000173)
  Fin: Monday 12 January 2026 07:21:13
  Durée itération: 4m 54s
  Temps cumulé: 4h 46m 32s

--- Itération 63 ---
  Début: Monday 12 January 2026 07:21:13
  Self-play: 200 parties (12 workers)...
    200 parties en 282.4s (0.71 p/s)
    Résultats: P0=99, P1=85, Nuls=16
  Training: 4 epochs...
  Loss: 4.0490 (LR: 0.000157)
  Fin: Monday 12 January 2026 07:26:09
  Durée itération: 4m 56s
  Temps cumulé: 4h 51m 28s

--- Itération 64 ---
  Début: Monday 12 January 2026 07:26:09
  Self-play: 200 parties (12 workers)...
    200 parties en 266.5s (0.75 p/s)
    Résultats: P0=87, P1=99, Nuls=14
  Training: 4 epochs...
  Loss: 4.0088 (LR: 0.000140)
  Fin: Monday 12 January 2026 07:30:48
  Durée itération: 4m 38s
  Temps cumulé: 4h 56m 07s

--- Itération 65 ---
  Début: Monday 12 January 2026 07:30:48
  Self-play: 200 parties (12 workers)...
    200 parties en 269.4s (0.74 p/s)
    Résultats: P0=109, P1=82, Nuls=9
  Training: 4 epochs...
  Loss: 3.9435 (LR: 0.000123)
  Fin: Monday 12 January 2026 07:35:29
  Durée itération: 4m 40s
  Temps cumulé: 5h 00m 48s

--- Itération 66 ---
  Début: Monday 12 January 2026 07:35:29
  Self-play: 200 parties (12 workers)...
    200 parties en 260.7s (0.77 p/s)
    Résultats: P0=97, P1=91, Nuls=12
  Training: 4 epochs...
  Loss: 3.9114 (LR: 0.000108)
  Fin: Monday 12 January 2026 07:40:01
  Durée itération: 4m 31s
  Temps cumulé: 5h 05m 19s

--- Itération 67 ---
  Début: Monday 12 January 2026 07:40:01
  Self-play: 200 parties (12 workers)...
    200 parties en 266.5s (0.75 p/s)
    Résultats: P0=92, P1=91, Nuls=17
  Training: 4 epochs...
  Loss: 3.8768 (LR: 0.000093)
  Fin: Monday 12 January 2026 07:44:39
  Durée itération: 4m 38s
  Temps cumulé: 5h 09m 58s

--- Itération 68 ---
  Début: Monday 12 January 2026 07:44:39
  Self-play: 200 parties (12 workers)...
    200 parties en 265.4s (0.75 p/s)
    Résultats: P0=97, P1=89, Nuls=14
  Training: 4 epochs...
  Loss: 3.8366 (LR: 0.000079)
  ★ Nouveau meilleur modèle! (loss: 3.8366)
  Fin: Monday 12 January 2026 07:49:17
  Durée itération: 4m 37s
  Temps cumulé: 5h 14m 35s

--- Itération 69 ---
  Début: Monday 12 January 2026 07:49:17
  Self-play: 200 parties (12 workers)...
    200 parties en 273.3s (0.73 p/s)
    Résultats: P0=98, P1=86, Nuls=16
  Training: 4 epochs...
  Loss: 3.8030 (LR: 0.000067)
  ★ Nouveau meilleur modèle! (loss: 3.8030)
  Fin: Monday 12 January 2026 07:54:03
  Durée itération: 4m 46s
  Temps cumulé: 5h 19m 21s

--- Itération 70 ---
  Début: Monday 12 January 2026 07:54:03
  Self-play: 200 parties (12 workers)...
    200 parties en 262.6s (0.76 p/s)
    Résultats: P0=90, P1=88, Nuls=22
  Training: 4 epochs...
  Loss: 3.7851 (LR: 0.000056)
  ★ Nouveau meilleur modèle! (loss: 3.7851)
  Fin: Monday 12 January 2026 07:58:38
  Durée itération: 4m 35s
  Temps cumulé: 5h 23m 57s

--- Itération 71 ---
  Début: Monday 12 January 2026 07:58:38
  Self-play: 200 parties (12 workers)...
    200 parties en 269.0s (0.74 p/s)
    Résultats: P0=95, P1=90, Nuls=15
  Training: 4 epochs...
  Loss: 3.7708 (LR: 0.000047)
  ★ Nouveau meilleur modèle! (loss: 3.7708)
  Fin: Monday 12 January 2026 08:03:21
  Durée itération: 4m 42s
  Temps cumulé: 5h 28m 39s

--- Itération 72 ---
  Début: Monday 12 January 2026 08:03:21
  Self-play: 200 parties (12 workers)...
    200 parties en 275.8s (0.73 p/s)
    Résultats: P0=100, P1=83, Nuls=17
  Training: 4 epochs...
  Loss: 3.7563 (LR: 0.000039)
  ★ Nouveau meilleur modèle! (loss: 3.7563)
  Fin: Monday 12 January 2026 08:08:09
  Durée itération: 4m 48s
  Temps cumulé: 5h 33m 28s

--- Itération 73 ---
  Début: Monday 12 January 2026 08:08:09
  Self-play: 200 parties (12 workers)...
    200 parties en 269.8s (0.74 p/s)
    Résultats: P0=85, P1=99, Nuls=16
  Training: 4 epochs...
  Loss: 3.7495 (LR: 0.000034)
  ★ Nouveau meilleur modèle! (loss: 3.7495)
  Fin: Monday 12 January 2026 08:12:52
  Durée itération: 4m 42s
  Temps cumulé: 5h 38m 11s

--- Itération 74 ---
  Début: Monday 12 January 2026 08:12:52
  Self-play: 200 parties (12 workers)...
    200 parties en 273.5s (0.73 p/s)
    Résultats: P0=86, P1=95, Nuls=19
  Training: 4 epochs...
  Loss: 3.7634 (LR: 0.000031)
  Fin: Monday 12 January 2026 08:17:39
  Durée itération: 4m 47s
  Temps cumulé: 5h 42m 58s

--- Itération 75 ---
  Début: Monday 12 January 2026 08:17:39
  Self-play: 200 parties (12 workers)...
    200 parties en 272.2s (0.73 p/s)
    Résultats: P0=114, P1=70, Nuls=16
  Training: 4 epochs...
  Loss: 3.7804 (LR: 0.000300)
  Fin: Monday 12 January 2026 08:22:25
  Durée itération: 4m 45s
  Temps cumulé: 5h 47m 44s

--- Itération 76 ---
  Début: Monday 12 January 2026 08:22:25
  Self-play: 200 parties (12 workers)...
    200 parties en 285.5s (0.70 p/s)
    Résultats: P0=89, P1=96, Nuls=15
  Training: 4 epochs...
  Loss: 4.7264 (LR: 0.000299)
  Fin: Monday 12 January 2026 08:27:26
  Durée itération: 5m 00s
  Temps cumulé: 5h 52m 44s

--- Itération 77 ---
  Début: Monday 12 January 2026 08:27:26
  Self-play: 200 parties (12 workers)...
    200 parties en 291.2s (0.69 p/s)
    Résultats: P0=94, P1=91, Nuls=15
  Training: 4 epochs...
  Loss: 4.6498 (LR: 0.000296)
  Fin: Monday 12 January 2026 08:32:29
  Durée itération: 5m 03s
  Temps cumulé: 5h 57m 47s

--- Itération 78 ---
  Début: Monday 12 January 2026 08:32:29
  Self-play: 200 parties (12 workers)...
    200 parties en 276.9s (0.72 p/s)
    Résultats: P0=98, P1=77, Nuls=25
  Training: 4 epochs...
  Loss: 4.5319 (LR: 0.000291)
  Fin: Monday 12 January 2026 08:37:18
  Durée itération: 4m 49s
  Temps cumulé: 6h 02m 37s

--- Itération 79 ---
  Début: Monday 12 January 2026 08:37:18
  Self-play: 200 parties (12 workers)...
    200 parties en 273.2s (0.73 p/s)
    Résultats: P0=94, P1=90, Nuls=16
  Training: 4 epochs...
  Loss: 4.4482 (LR: 0.000283)
  Fin: Monday 12 January 2026 08:42:04
  Durée itération: 4m 46s
  Temps cumulé: 6h 07m 23s

--- Itération 80 ---
  Début: Monday 12 January 2026 08:42:04
  Self-play: 200 parties (12 workers)...
    200 parties en 267.8s (0.75 p/s)
    Résultats: P0=100, P1=88, Nuls=12
  Training: 4 epochs...
  Loss: 4.3806 (LR: 0.000274)
  Fin: Monday 12 January 2026 08:46:45
  Durée itération: 4m 40s
  Temps cumulé: 6h 12m 04s

--- Itération 81 ---
  Début: Monday 12 January 2026 08:46:45
  Self-play: 200 parties (12 workers)...
    200 parties en 267.4s (0.75 p/s)
    Résultats: P0=96, P1=87, Nuls=17
  Training: 4 epochs...
  Loss: 4.3133 (LR: 0.000263)
  Fin: Monday 12 January 2026 08:51:25
  Durée itération: 4m 39s
  Temps cumulé: 6h 16m 43s

--- Itération 82 ---
  Début: Monday 12 January 2026 08:51:25
  Self-play: 200 parties (12 workers)...
    200 parties en 265.2s (0.75 p/s)
    Résultats: P0=100, P1=81, Nuls=19
  Training: 4 epochs...
  Loss: 4.2586 (LR: 0.000251)
  Fin: Monday 12 January 2026 08:56:03
  Durée itération: 4m 37s
  Temps cumulé: 6h 21m 21s

--- Itération 83 ---
  Début: Monday 12 January 2026 08:56:03
  Self-play: 200 parties (12 workers)...
    200 parties en 267.8s (0.75 p/s)
    Résultats: P0=96, P1=84, Nuls=20
  Training: 4 epochs...
  Loss: 4.2093 (LR: 0.000237)
  Fin: Monday 12 January 2026 09:00:43
  Durée itération: 4m 40s
  Temps cumulé: 6h 26m 02s

--- Itération 84 ---
  Début: Monday 12 January 2026 09:00:43
  Self-play: 200 parties (12 workers)...
    200 parties en 265.3s (0.75 p/s)
    Résultats: P0=102, P1=84, Nuls=14
  Training: 4 epochs...
  Loss: 4.1586 (LR: 0.000222)
  Fin: Monday 12 January 2026 09:05:21
  Durée itération: 4m 37s
  Temps cumulé: 6h 30m 39s

--- Itération 85 ---
  Début: Monday 12 January 2026 09:05:21
  Self-play: 200 parties (12 workers)...
    200 parties en 267.5s (0.75 p/s)
    Résultats: P0=102, P1=86, Nuls=12
  Training: 4 epochs...
  Loss: 4.1173 (LR: 0.000207)
  Fin: Monday 12 January 2026 09:10:01
  Durée itération: 4m 39s
  Temps cumulé: 6h 35m 19s

--- Itération 86 ---
  Début: Monday 12 January 2026 09:10:01
  Self-play: 200 parties (12 workers)...
    200 parties en 270.3s (0.74 p/s)
    Résultats: P0=91, P1=92, Nuls=17
  Training: 4 epochs...
  Loss: 4.0654 (LR: 0.000190)
  Fin: Monday 12 January 2026 09:14:44
  Durée itération: 4m 43s
  Temps cumulé: 6h 40m 02s

--- Itération 87 ---
  Début: Monday 12 January 2026 09:14:44
  Self-play: 200 parties (12 workers)...
    200 parties en 270.2s (0.74 p/s)
    Résultats: P0=103, P1=87, Nuls=10
  Training: 4 epochs...
  Loss: 4.0184 (LR: 0.000173)
  Fin: Monday 12 January 2026 09:19:27
  Durée itération: 4m 42s
  Temps cumulé: 6h 44m 45s

--- Itération 88 ---
  Début: Monday 12 January 2026 09:19:27
  Self-play: 200 parties (12 workers)...
    200 parties en 282.1s (0.71 p/s)
    Résultats: P0=95, P1=81, Nuls=24
  Training: 4 epochs...
  Loss: 3.9675 (LR: 0.000157)
  Fin: Monday 12 January 2026 09:24:21
  Durée itération: 4m 54s
  Temps cumulé: 6h 49m 39s

--- Itération 89 ---
  Début: Monday 12 January 2026 09:24:21
  Self-play: 200 parties (12 workers)...
    200 parties en 278.5s (0.72 p/s)
    Résultats: P0=93, P1=88, Nuls=19
  Training: 4 epochs...
  Loss: 3.9137 (LR: 0.000140)
  Fin: Monday 12 January 2026 09:29:12
  Durée itération: 4m 51s
  Temps cumulé: 6h 54m 31s

--- Itération 90 ---
  Début: Monday 12 January 2026 09:29:12
  Self-play: 200 parties (12 workers)...
    200 parties en 279.9s (0.71 p/s)
    Résultats: P0=102, P1=90, Nuls=8
  Training: 4 epochs...
  Loss: 3.8715 (LR: 0.000123)
  Fin: Monday 12 January 2026 09:34:06
  Durée itération: 4m 53s
  Temps cumulé: 6h 59m 24s

--- Itération 91 ---
  Début: Monday 12 January 2026 09:34:06
  Self-play: 200 parties (12 workers)...
    200 parties en 271.5s (0.74 p/s)
    Résultats: P0=94, P1=94, Nuls=12
  Training: 4 epochs...
  Loss: 3.8305 (LR: 0.000108)
  Fin: Monday 12 January 2026 09:38:49
  Durée itération: 4m 43s
  Temps cumulé: 7h 04m 08s

--- Itération 92 ---
  Début: Monday 12 January 2026 09:38:49
  Self-play: 200 parties (12 workers)...
    200 parties en 271.3s (0.74 p/s)
    Résultats: P0=93, P1=91, Nuls=16
  Training: 4 epochs...
  Loss: 3.7972 (LR: 0.000093)
  Fin: Monday 12 January 2026 09:43:34
  Durée itération: 4m 44s
  Temps cumulé: 7h 08m 52s

--- Itération 93 ---
  Début: Monday 12 January 2026 09:43:34
  Self-play: 200 parties (12 workers)...
    200 parties en 265.4s (0.75 p/s)
    Résultats: P0=99, P1=82, Nuls=19
  Training: 4 epochs...
  Loss: 3.7617 (LR: 0.000079)
  Fin: Monday 12 January 2026 09:48:12
  Durée itération: 4m 38s
  Temps cumulé: 7h 13m 30s

--- Itération 94 ---
  Début: Monday 12 January 2026 09:48:12
  Self-play: 200 parties (12 workers)...
    200 parties en 262.9s (0.76 p/s)
    Résultats: P0=89, P1=101, Nuls=10
  Training: 4 epochs...
  Loss: 3.7443 (LR: 0.000067)
  ★ Nouveau meilleur modèle! (loss: 3.7443)
  Fin: Monday 12 January 2026 09:52:47
  Durée itération: 4m 35s
  Temps cumulé: 7h 18m 05s

--- Itération 95 ---
  Début: Monday 12 January 2026 09:52:47
  Self-play: 200 parties (12 workers)...
    200 parties en 280.2s (0.71 p/s)
    Résultats: P0=105, P1=83, Nuls=12
  Training: 4 epochs...
  Loss: 3.7323 (LR: 0.000056)
  ★ Nouveau meilleur modèle! (loss: 3.7323)
  Fin: Monday 12 January 2026 09:57:42
  Durée itération: 4m 55s
  Temps cumulé: 7h 23m 00s

--- Itération 96 ---
  Début: Monday 12 January 2026 09:57:42
  Self-play: 200 parties (12 workers)...
    200 parties en 261.5s (0.76 p/s)
    Résultats: P0=91, P1=91, Nuls=18
  Training: 4 epochs...
  Loss: 3.7177 (LR: 0.000047)
  ★ Nouveau meilleur modèle! (loss: 3.7177)
  Fin: Monday 12 January 2026 10:02:16
  Durée itération: 4m 34s
  Temps cumulé: 7h 27m 34s

--- Itération 97 ---
  Début: Monday 12 January 2026 10:02:16
  Self-play: 200 parties (12 workers)...
    200 parties en 262.6s (0.76 p/s)
    Résultats: P0=101, P1=85, Nuls=14
  Training: 4 epochs...
  Loss: 3.7172 (LR: 0.000039)
  ★ Nouveau meilleur modèle! (loss: 3.7172)
  Fin: Monday 12 January 2026 10:06:51
  Durée itération: 4m 35s
  Temps cumulé: 7h 32m 09s

--- Itération 98 ---
  Début: Monday 12 January 2026 10:06:51
  Self-play: 200 parties (12 workers)...
    200 parties en 269.0s (0.74 p/s)
    Résultats: P0=115, P1=77, Nuls=8
  Training: 4 epochs...
  Loss: 3.7251 (LR: 0.000034)
  Fin: Monday 12 January 2026 10:11:33
  Durée itération: 4m 41s
  Temps cumulé: 7h 36m 51s

--- Itération 99 ---
  Début: Monday 12 January 2026 10:11:33
  Self-play: 200 parties (12 workers)...
    200 parties en 262.5s (0.76 p/s)
    Résultats: P0=101, P1=82, Nuls=17
  Training: 4 epochs...
  Loss: 3.7282 (LR: 0.000031)
  Fin: Monday 12 January 2026 10:16:07
  Durée itération: 4m 33s
  Temps cumulé: 7h 41m 25s

--- Itération 100 ---
  Début: Monday 12 January 2026 10:16:07
  Self-play: 200 parties (12 workers)...
    200 parties en 257.9s (0.78 p/s)
    Résultats: P0=85, P1=93, Nuls=22
  Training: 4 epochs...
  Loss: 3.7451 (LR: 0.000300)
  Fin: Monday 12 January 2026 10:20:36
  Durée itération: 4m 29s
  Temps cumulé: 7h 45m 54s
  Modèle sauvé: data/models/best_model.pt

============================================================
ENTRAÎNEMENT TERMINÉ
Best model: iteration 97 (loss: 3.7172)
Fin: Monday 12 January 2026 10:20:36
Temps total: 7h 45m 56s
============================================================
